Γôÿ Processing route: [GET] api/fix-missing-default-cashboxes
Γ£ö Processed route: [GET] api/fix-missing-default-cashboxes
Γôÿ Processing route: [POST] api/register
Γ£ö Processed route: [POST] api/register
Γôÿ Processing route: [POST] api/login
Γ£ö Processed route: [POST] api/login
Γôÿ Processing route: [POST] api/logout
Γ£ö Processed route: [POST] api/logout
Γôÿ Processing route: [GET] api/auth/check
Γ£ö Processed route: [GET] api/auth/check
ΓÜá Skipping route: [GET] api/artisan/health - Controller method does not exist.
Γôÿ Processing route: [GET] api/reports/sales
Γ£ö Processed route: [GET] api/reports/sales
Γôÿ Processing route: [GET] api/reports/sales/top-products
Γ£ö Processed route: [GET] api/reports/sales/top-products
Γôÿ Processing route: [GET] api/reports/sales/top-customers
Γ£ö Processed route: [GET] api/reports/sales/top-customers
Γôÿ Processing route: [GET] api/reports/sales/trend
Γ£ö Processed route: [GET] api/reports/sales/trend
Γôÿ Processing route: [GET] api/reports/profit-loss
Γ£ö Processed route: [GET] api/reports/profit-loss
Γôÿ Processing route: [GET] api/reports/profit-loss/monthly-comparison
Γ£ö Processed route: [GET] api/reports/profit-loss/monthly-comparison
Γôÿ Processing route: [GET] api/reports/stock
Γ£ö Processed route: [GET] api/reports/stock
Γôÿ Processing route: [GET] api/reports/stock/valuation
Γ£ö Processed route: [GET] api/reports/stock/valuation
Γôÿ Processing route: [GET] api/reports/stock/low-stock
Γ£ö Processed route: [GET] api/reports/stock/low-stock
Γôÿ Processing route: [GET] api/reports/stock/inactive
Γ£ö Processed route: [GET] api/reports/stock/inactive
Γôÿ Processing route: [GET] api/reports/cash-flow
Γ£ö Processed route: [GET] api/reports/cash-flow
Γôÿ Processing route: [GET] api/reports/cash-flow/by-cash-box
Γ£ö Processed route: [GET] api/reports/cash-flow/by-cash-box
Γôÿ Processing route: [GET] api/reports/cash-flow/summary
Γ£ö Processed route: [GET] api/reports/cash-flow/summary
Γôÿ Processing route: [GET] api/reports/tax
Γ£ö Processed route: [GET] api/reports/tax
Γôÿ Processing route: [GET] api/reports/tax/collected
Γ£ö Processed route: [GET] api/reports/tax/collected
Γôÿ Processing route: [GET] api/reports/tax/paid
Γ£ö Processed route: [GET] api/reports/tax/paid
Γôÿ Processing route: [GET] api/reports/tax/net
Γ£ö Processed route: [GET] api/reports/tax/net
Γôÿ Processing route: [GET] api/reports/customers/top
Γ£ö Processed route: [GET] api/reports/customers/top
Γôÿ Processing route: [GET] api/reports/customers/debts
Γ£ö Processed route: [GET] api/reports/customers/debts
Γôÿ Processing route: [GET] api/reports/suppliers/debts
Γ£ö Processed route: [GET] api/reports/suppliers/debts
Γôÿ Processing route: [GET] api/reports/customers/performance
Γ£ö Processed route: [GET] api/reports/customers/performance
Γôÿ Processing route: [GET] api/activity-logs
Γ£ö Processed route: [GET] api/activity-logs
Γôÿ Processing route: [GET] api/activity-logs/{id}
Γ£ö Processed route: [GET] api/activity-logs/{id}
Γôÿ Processing route: [GET] api/activity-logs/subject/logs
Γ£ö Processed route: [GET] api/activity-logs/subject/logs
Γôÿ Processing route: [GET] api/activity-logs/user/{userId}
Γ£ö Processed route: [GET] api/activity-logs/user/{userId}
Γôÿ Processing route: [GET] api/activity-logs/invoice/{invoiceId}
Γ£ö Processed route: [GET] api/activity-logs/invoice/{invoiceId}
Γôÿ Processing route: [POST] api/activity-logs/export
Γ£ö Processed route: [POST] api/activity-logs/export
Γôÿ Processing route: [GET] api/dashboard/summary
Γ£ö Processed route: [GET] api/dashboard/summary
Γôÿ Processing route: [GET] api/me
Γ£ö Processed route: [GET] api/me
Γôÿ Processing route: [GET] api/users
Γ£ö Processed route: [GET] api/users
Γôÿ Processing route: [GET] api/users/search
Γ£ö Processed route: [GET] api/users/search
ΓÜá Skipping route: [GET] api/users/search-advanced - Controller method does not exist.
Γôÿ Processing route: [POST] api/user
ΓÜá No bodyParameters() method found in App\Http\Requests\User\UserRequest. Scribe will only be able to extract basic information from the rules() method.
Γ£ö Processed route: [POST] api/user
Γôÿ Processing route: [GET] api/user/{user}
Γ£ö Processed route: [GET] api/user/{user}
Γôÿ Processing route: [PUT] api/user/{user}
ΓÜá No bodyParameters() method found in App\Http\Requests\User\UserUpdateRequest. Scribe will only be able to extract basic information from the rules() method.
Γ£ö Processed route: [PUT] api/user/{user}
Γôÿ Processing route: [PUT] api/change-company/{user}
Γ£ö Processed route: [PUT] api/change-company/{user}
ΓÜá Skipping route: [PUT] api/user/{user}/cashbox/{cashBoxId}/set-default - Controller method does not exist.
Γôÿ Processing route: [POST] api/users/delete
Γ£ö Processed route: [POST] api/users/delete
Γôÿ Processing route: [GET] api/companys
Γ£ö Processed route: [GET] api/companys
Γôÿ Processing route: [POST] api/company
ΓÜá No bodyParameters() method found in App\Http\Requests\Company\CompanyRequest. Scribe will only be able to extract basic information from the rules() method.
Γ£ö Processed route: [POST] api/company
Γôÿ Processing route: [GET] api/company/{company}
Γ£ö Processed route: [GET] api/company/{company}
Γôÿ Processing route: [PUT] api/company/{company}
Γ£û Failed processing route: [PUT] api/company/{company} - Exception encountered.

   ErrorException 

  Attempt to read property "id" on null

  at app\Http\Requests\Company\CompanyUpdateRequest.php:31
     27Γûò             'field' => 'nullable|string|max:255',
     28Γûò             'owner_name' => 'nullable|string|max:255',
     29Γûò             'address' => 'nullable|string|max:255',
     30Γûò             'phone' => 'nullable|string|max:15',
  Γ₧£  31Γûò             'email' => "nullable|email|unique:companies,email,{$this->company->id}",
     32Γûò             'created_by' => 'nullable|integer|exists:users,id',
     33Γûò             'company_id' => 'nullable|integer|exists:companies,id',
     34Γûò             'images_ids' => 'nullable|array',
     35Γûò             'images_ids.*' => 'integer|exists:images,id',

  1   app\Http\Requests\Company\CompanyUpdateRequest.php:31
      Illuminate\Foundation\Bootstrap\HandleExceptions::Illuminate\Foundation\Bootstrap\{closure}("Attempt to read property "id" on null", "D:\Dev\projects\hwmix-bill-api\app\Http\Requests\Company\CompanyUpdateRequest.php")

  2   vendor\laravel\framework\src\Illuminate\Container\BoundMethod.php:36
      App\Http\Requests\Company\CompanyUpdateRequest::rules()

  3   vendor\laravel\framework\src\Illuminate\Container\Util.php:43
      Illuminate\Container\BoundMethod::Illuminate\Container\{closure}()

  4   vendor\laravel\framework\src\Illuminate\Container\BoundMethod.php:95
      Illuminate\Container\Util::unwrapIfClosure(Object(Closure))

  5   vendor\laravel\framework\src\Illuminate\Container\BoundMethod.php:35
      Illuminate\Container\BoundMethod::callBoundMethod(Object(Illuminate\Foundation\Application), Object(Closure))

  6   vendor\laravel\framework\src\Illuminate\Container\Container.php:690
      Illuminate\Container\BoundMethod::call(Object(Illuminate\Foundation\Application), [])

  7   vendor\knuckleswtf\scribe\src\Extracting\Strategies\GetFromFormRequestBase.php:72
      Illuminate\Container\Container::call()

  8   vendor\knuckleswtf\scribe\src\Extracting\Strategies\GetFromFormRequestBase.php:53
      Knuckles\Scribe\Extracting\Strategies\GetFromFormRequestBase::getRouteValidationRules(Object(App\Http\Requests\Company\CompanyUpdateRequest))

  9   vendor\knuckleswtf\scribe\src\Extracting\Strategies\GetFromFormRequestBase.php:24
      Knuckles\Scribe\Extracting\Strategies\GetFromFormRequestBase::getParametersFromFormRequest(Object(ReflectionMethod), Object(Illuminate\Routing\Route))

  10  vendor\knuckleswtf\scribe\src\Extracting\Extractor.php:240
      Knuckles\Scribe\Extracting\Strategies\GetFromFormRequestBase::__invoke(Object(Knuckles\Camel\Extraction\ExtractedEndpointData), [])

  11  vendor\knuckleswtf\scribe\src\Extracting\Extractor.php:153
      Knuckles\Scribe\Extracting\Extractor::iterateThroughStrategies("bodyParameters", Object(Knuckles\Camel\Extraction\ExtractedEndpointData), [], Object(Closure))

  12  vendor\knuckleswtf\scribe\src\Extracting\Extractor.php:79
      Knuckles\Scribe\Extracting\Extractor::fetchBodyParameters(Object(Knuckles\Camel\Extraction\ExtractedEndpointData), [])

  13  vendor\knuckleswtf\scribe\src\GroupedEndpoints\GroupedEndpointsFromApp.php:125
      Knuckles\Scribe\Extracting\Extractor::processRoute(Object(Illuminate\Routing\Route), [])

  14  vendor\knuckleswtf\scribe\src\GroupedEndpoints\GroupedEndpointsFromApp.php:72
      Knuckles\Scribe\GroupedEndpoints\GroupedEndpointsFromApp::extractEndpointsInfoFromLaravelApp()

  15  vendor\knuckleswtf\scribe\src\GroupedEndpoints\GroupedEndpointsFromApp.php:50
      Knuckles\Scribe\GroupedEndpoints\GroupedEndpointsFromApp::extractEndpointsInfoAndWriteToDisk(Object(Knuckles\Scribe\Matching\RouteMatcher))

  16  vendor\knuckleswtf\scribe\src\Commands\GenerateDocumentation.php:55
      Knuckles\Scribe\GroupedEndpoints\GroupedEndpointsFromApp::get()

  17  vendor\laravel\framework\src\Illuminate\Container\BoundMethod.php:36
      Knuckles\Scribe\Commands\GenerateDocumentation::handle(Object(Knuckles\Scribe\Matching\RouteMatcher), Object(Knuckles\Scribe\GroupedEndpoints\GroupedEndpointsFactory))

  18  vendor\laravel\framework\src\Illuminate\Container\Util.php:43
      Illuminate\Container\BoundMethod::Illuminate\Container\{closure}()

  19  vendor\laravel\framework\src\Illuminate\Container\BoundMethod.php:95
      Illuminate\Container\Util::unwrapIfClosure(Object(Closure))

  20  vendor\laravel\framework\src\Illuminate\Container\BoundMethod.php:35
      Illuminate\Container\BoundMethod::callBoundMethod(Object(Illuminate\Foundation\Application), Object(Closure))

  21  vendor\laravel\framework\src\Illuminate\Container\Container.php:690
      Illuminate\Container\BoundMethod::call(Object(Illuminate\Foundation\Application), [])

  22  vendor\laravel\framework\src\Illuminate\Console\Command.php:213
      Illuminate\Container\Container::call()

  23  vendor\symfony\console\Command\Command.php:279
      Illuminate\Console\Command::execute(Object(Symfony\Component\Console\Input\ArgvInput), Object(Illuminate\Console\OutputStyle))

  24  vendor\laravel\framework\src\Illuminate\Console\Command.php:182
      Symfony\Component\Console\Command\Command::run(Object(Symfony\Component\Console\Input\ArgvInput), Object(Illuminate\Console\OutputStyle))

  25  vendor\symfony\console\Application.php:1047
      Illuminate\Console\Command::run(Object(Symfony\Component\Console\Input\ArgvInput), Object(Symfony\Component\Console\Output\ConsoleOutput))

  26  vendor\symfony\console\Application.php:316
      Symfony\Component\Console\Application::doRunCommand(Object(Knuckles\Scribe\Commands\GenerateDocumentation), Object(Symfony\Component\Console\Input\ArgvInput), Object(Symfony\Component\Console\Output\ConsoleOutput))

  27  vendor\symfony\console\Application.php:167
      Symfony\Component\Console\Application::doRun(Object(Symfony\Component\Console\Input\ArgvInput), Object(Symfony\Component\Console\Output\ConsoleOutput))

  28  vendor\laravel\framework\src\Illuminate\Foundation\Console\Kernel.php:197
      Symfony\Component\Console\Application::run(Object(Symfony\Component\Console\Input\ArgvInput), Object(Symfony\Component\Console\Output\ConsoleOutput))

  29  vendor\laravel\framework\src\Illuminate\Foundation\Application.php:1203
      Illuminate\Foundation\Console\Kernel::handle(Object(Symfony\Component\Console\Input\ArgvInput), Object(Symfony\Component\Console\Output\ConsoleOutput))

  30  artisan:13
      Illuminate\Foundation\Application::handleCommand(Object(Symfony\Component\Console\Input\ArgvInput))

Γôÿ Processing route: [POST] api/company/delete
Γ£ö Processed route: [POST] api/company/delete
Γôÿ Processing route: [GET] api/images
Γ£ö Processed route: [GET] api/images
Γôÿ Processing route: [POST] api/image
Γ£ö Processed route: [POST] api/image
Γôÿ Processing route: [PUT] api/image/{Image}
Γ£ö Processed route: [PUT] api/image/{Image}
Γôÿ Processing route: [POST] api/images/delete
Γ£ö Processed route: [POST] api/images/delete
Γôÿ Processing route: [POST] api/transfer
Γ£ö Processed route: [POST] api/transfer
Γôÿ Processing route: [POST] api/deposit
Γ£ö Processed route: [POST] api/deposit
Γôÿ Processing route: [POST] api/withdraw
Γ£ö Processed route: [POST] api/withdraw
Γôÿ Processing route: [GET] api/transactions
Γ£ö Processed route: [GET] api/transactions
Γôÿ Processing route: [GET] api/transactions/user/{cashBoxId?}
Γ£ö Processed route: [GET] api/transactions/user/{cashBoxId?}
Γôÿ Processing route: [POST] api/transactions/{transaction}/reverse
Γ£ö Processed route: [POST] api/transactions/{transaction}/reverse
Γôÿ Processing route: [GET] api/invoices
Γ£ö Processed route: [GET] api/invoices
Γôÿ Processing route: [POST] api/invoice
ΓÜá No bodyParameters() method found in App\Http\Requests\Invoice\StoreInvoiceRequest. Scribe will only be able to extract basic information from the rules() method.
Γ£ö Processed route: [POST] api/invoice
ΓÜá Skipping route: [GET] api/invoice/{invoice} - Controller method does not exist.
Γôÿ Processing route: [PUT] api/invoice/{invoice}
ΓÜá No bodyParameters() method found in App\Http\Requests\Invoice\UpdateInvoiceRequest. Scribe will only be able to extract basic information from the rules() method.
Γ£ö Processed route: [PUT] api/invoice/{invoice}
Γôÿ Processing route: [DELETE] api/invoice/{invoice}
Γ£ö Processed route: [DELETE] api/invoice/{invoice}
ΓÜá Skipping route: [POST] api/invoices/deletes - Controller method does not exist.
Γôÿ Processing route: [GET] api/invoice/{id}/pdf
Γ£ö Processed route: [GET] api/invoice/{id}/pdf
Γôÿ Processing route: [GET] api/invoice/{id}/pdf-data
Γ£ö Processed route: [GET] api/invoice/{id}/pdf-data
Γôÿ Processing route: [POST] api/invoice/{id}/email-pdf
Γ£ö Processed route: [POST] api/invoice/{id}/email-pdf
Γôÿ Processing route: [POST] api/invoices/export-excel
Γ£ö Processed route: [POST] api/invoices/export-excel
Γôÿ Processing route: [GET] api/roles
Γ£ö Processed route: [GET] api/roles
Γôÿ Processing route: [POST] api/role
Γ£ö Processed route: [POST] api/role
Γôÿ Processing route: [GET] api/role/{role}
Γ£ö Processed route: [GET] api/role/{role}
Γôÿ Processing route: [PUT] api/role/{role}
Γ£ö Processed route: [PUT] api/role/{role}
Γôÿ Processing route: [DELETE] api/role/{role}
Γ£ö Processed route: [DELETE] api/role/{role}
Γôÿ Processing route: [POST] api/role/assignRole
Γ£ö Processed route: [POST] api/role/assignRole
Γôÿ Processing route: [GET] api/cashBoxTypes
Γ£ö Processed route: [GET] api/cashBoxTypes
Γôÿ Processing route: [POST] api/cashBoxType
Γ£ö Processed route: [POST] api/cashBoxType
Γôÿ Processing route: [GET] api/cashBoxType/{cashBoxType}
Γ£ö Processed route: [GET] api/cashBoxType/{cashBoxType}
Γôÿ Processing route: [PUT] api/cashBoxType/{cashBoxType}
Γ£ö Processed route: [PUT] api/cashBoxType/{cashBoxType}
Γôÿ Processing route: [PATCH] api/cashBoxType/{id}/toggle
Γ£ö Processed route: [PATCH] api/cashBoxType/{id}/toggle
Γôÿ Processing route: [DELETE] api/cashBoxType/{cashBoxType}
Γ£ö Processed route: [DELETE] api/cashBoxType/{cashBoxType}
Γôÿ Processing route: [GET] api/cashBoxs
Γ£û Failed processing route: [GET] api/cashBoxs - Exception encountered.

   ErrorException 

  Attempt to read property "name" on null

  at app\Http\Resources\CashBox\CashBoxResource.php:23
     19Γûò         return [
     20Γûò             'id' => $this->id,
     21Γûò             'name' => $this->name,
     22Γûò             'balance' => $this->balance,
  Γ₧£  23Γûò             'cash_type' => $this->typeBox->name,
     24Γûò             'cash_box_type_id' => $this->cash_box_type_id,
     25Γûò             'user_id' => $this->user_id,
     26Γûò             'created_by' => $this->created_by,
     27Γûò             'company_id' => $this->company_id,

  1   app\Http\Resources\CashBox\CashBoxResource.php:23
      Illuminate\Foundation\Bootstrap\HandleExceptions::Illuminate\Foundation\Bootstrap\{closure}("Attempt to read property "name" on null", "D:\Dev\projects\hwmix-bill-api\app\Http\Resources\CashBox\CashBoxResource.php")

  2   vendor\laravel\framework\src\Illuminate\Collections\HigherOrderCollectionProxy.php:65
      App\Http\Resources\CashBox\CashBoxResource::toArray(Object(Illuminate\Http\Request))

  3   [internal]:0
      Illuminate\Support\HigherOrderCollectionProxy::Illuminate\Support\{closure}(Object(App\Http\Resources\CashBox\CashBoxResource))
  4   vendor\laravel\framework\src\Illuminate\Collections\Arr.php:605

  5   vendor\laravel\framework\src\Illuminate\Collections\Collection.php:791
      Illuminate\Support\Arr::map(Object(Closure))

  6   vendor\laravel\framework\src\Illuminate\Collections\HigherOrderCollectionProxy.php:64
      Illuminate\Support\Collection::map(Object(Closure))

  7   vendor\laravel\framework\src\Illuminate\Http\Resources\Json\ResourceCollection.php:102
      Illuminate\Support\HigherOrderCollectionProxy::__call("toArray")

  8   vendor\laravel\framework\src\Illuminate\Http\Resources\Json\JsonResource.php:108
      Illuminate\Http\Resources\Json\ResourceCollection::toArray(Object(Illuminate\Http\Request))

  9   vendor\laravel\framework\src\Illuminate\Http\Resources\Json\ResourceResponse.php:39
      Illuminate\Http\Resources\Json\JsonResource::resolve(Object(Illuminate\Http\Request))

  10  vendor\laravel\framework\src\Illuminate\Http\Resources\Json\JsonResource.php:245
      Illuminate\Http\Resources\Json\ResourceResponse::toResponse(Object(Illuminate\Http\Request))

  11  vendor\laravel\framework\src\Illuminate\Http\Resources\Json\ResourceCollection.php:117
      Illuminate\Http\Resources\Json\JsonResource::toResponse(Object(Illuminate\Http\Request))

  12  vendor\knuckleswtf\scribe\src\Extracting\Shared\ApiResourceResponseTools.php:48
      Illuminate\Http\Resources\Json\ResourceCollection::toResponse(Object(Illuminate\Http\Request))

  13  vendor\knuckleswtf\scribe\src\Extracting\Shared\ApiResourceResponseTools.php:32
      Knuckles\Scribe\Extracting\Shared\ApiResourceResponseTools::callApiResourceAndGetResponse(Object(Illuminate\Http\Resources\Json\AnonymousResourceCollection), Object(Knuckles\Camel\Extraction\ExtractedEndpointData))

  14  vendor\knuckleswtf\scribe\src\Extracting\Strategies\Responses\UseApiResourceTags.php:58
      Knuckles\Scribe\Extracting\Shared\ApiResourceResponseTools::fetch("App\Http\Resources\CashBox\CashBoxResource", Object(Closure), Object(Knuckles\Camel\Extraction\ExtractedEndpointData), [], [])

  15  vendor\knuckleswtf\scribe\src\Extracting\Strategies\Responses\UseApiResourceTags.php:36
      Knuckles\Scribe\Extracting\Strategies\Responses\UseApiResourceTags::getApiResourceResponseFromTags(Object(Mpociot\Reflection\DocBlock\Tag), Object(Knuckles\Camel\Extraction\ExtractedEndpointData))

  16  vendor\knuckleswtf\scribe\src\Extracting\Extractor.php:240
      Knuckles\Scribe\Extracting\Strategies\Responses\UseApiResourceTags::__invoke(Object(Knuckles\Camel\Extraction\ExtractedEndpointData), [])

  17  vendor\knuckleswtf\scribe\src\Extracting\Extractor.php:165
      Knuckles\Scribe\Extracting\Extractor::iterateThroughStrategies("responses", Object(Knuckles\Camel\Extraction\ExtractedEndpointData), [], Object(Closure))

  18  vendor\knuckleswtf\scribe\src\Extracting\Extractor.php:97
      Knuckles\Scribe\Extracting\Extractor::fetchResponses(Object(Knuckles\Camel\Extraction\ExtractedEndpointData), [])

  19  vendor\knuckleswtf\scribe\src\GroupedEndpoints\GroupedEndpointsFromApp.php:125
      Knuckles\Scribe\Extracting\Extractor::processRoute(Object(Illuminate\Routing\Route), [])

  20  vendor\knuckleswtf\scribe\src\GroupedEndpoints\GroupedEndpointsFromApp.php:72
      Knuckles\Scribe\GroupedEndpoints\GroupedEndpointsFromApp::extractEndpointsInfoFromLaravelApp()

  21  vendor\knuckleswtf\scribe\src\GroupedEndpoints\GroupedEndpointsFromApp.php:50
      Knuckles\Scribe\GroupedEndpoints\GroupedEndpointsFromApp::extractEndpointsInfoAndWriteToDisk(Object(Knuckles\Scribe\Matching\RouteMatcher))

  22  vendor\knuckleswtf\scribe\src\Commands\GenerateDocumentation.php:55
      Knuckles\Scribe\GroupedEndpoints\GroupedEndpointsFromApp::get()

  23  vendor\laravel\framework\src\Illuminate\Container\BoundMethod.php:36
      Knuckles\Scribe\Commands\GenerateDocumentation::handle(Object(Knuckles\Scribe\Matching\RouteMatcher), Object(Knuckles\Scribe\GroupedEndpoints\GroupedEndpointsFactory))

  24  vendor\laravel\framework\src\Illuminate\Container\Util.php:43
      Illuminate\Container\BoundMethod::Illuminate\Container\{closure}()

  25  vendor\laravel\framework\src\Illuminate\Container\BoundMethod.php:95
      Illuminate\Container\Util::unwrapIfClosure(Object(Closure))

  26  vendor\laravel\framework\src\Illuminate\Container\BoundMethod.php:35
      Illuminate\Container\BoundMethod::callBoundMethod(Object(Illuminate\Foundation\Application), Object(Closure))

  27  vendor\laravel\framework\src\Illuminate\Container\Container.php:690
      Illuminate\Container\BoundMethod::call(Object(Illuminate\Foundation\Application), [])

  28  vendor\laravel\framework\src\Illuminate\Console\Command.php:213
      Illuminate\Container\Container::call()

  29  vendor\symfony\console\Command\Command.php:279
      Illuminate\Console\Command::execute(Object(Symfony\Component\Console\Input\ArgvInput), Object(Illuminate\Console\OutputStyle))

  30  vendor\laravel\framework\src\Illuminate\Console\Command.php:182
      Symfony\Component\Console\Command\Command::run(Object(Symfony\Component\Console\Input\ArgvInput), Object(Illuminate\Console\OutputStyle))

  31  vendor\symfony\console\Application.php:1047
      Illuminate\Console\Command::run(Object(Symfony\Component\Console\Input\ArgvInput), Object(Symfony\Component\Console\Output\ConsoleOutput))

  32  vendor\symfony\console\Application.php:316
      Symfony\Component\Console\Application::doRunCommand(Object(Knuckles\Scribe\Commands\GenerateDocumentation), Object(Symfony\Component\Console\Input\ArgvInput), Object(Symfony\Component\Console\Output\ConsoleOutput))

  33  vendor\symfony\console\Application.php:167
      Symfony\Component\Console\Application::doRun(Object(Symfony\Component\Console\Input\ArgvInput), Object(Symfony\Component\Console\Output\ConsoleOutput))

  34  vendor\laravel\framework\src\Illuminate\Foundation\Console\Kernel.php:197
      Symfony\Component\Console\Application::run(Object(Symfony\Component\Console\Input\ArgvInput), Object(Symfony\Component\Console\Output\ConsoleOutput))

  35  vendor\laravel\framework\src\Illuminate\Foundation\Application.php:1203
      Illuminate\Foundation\Console\Kernel::handle(Object(Symfony\Component\Console\Input\ArgvInput), Object(Symfony\Component\Console\Output\ConsoleOutput))

  36  artisan:13
      Illuminate\Foundation\Application::handleCommand(Object(Symfony\Component\Console\Input\ArgvInput))

Γôÿ Processing route: [POST] api/cashBox
ΓÜá No bodyParameters() method found in App\Http\Requests\CashBox\StoreCashBoxRequest. Scribe will only be able to extract basic information from the rules() method.
Γ£ö Processed route: [POST] api/cashBox
Γôÿ Processing route: [GET] api/cashBox/{cashBox}
Γ£û Failed processing route: [GET] api/cashBox/{cashBox} - Exception encountered.

   ErrorException 

  Attempt to read property "name" on null

  at app\Http\Resources\CashBox\CashBoxResource.php:23
     19Γûò         return [
     20Γûò             'id' => $this->id,
     21Γûò             'name' => $this->name,
     22Γûò             'balance' => $this->balance,
  Γ₧£  23Γûò             'cash_type' => $this->typeBox->name,
     24Γûò             'cash_box_type_id' => $this->cash_box_type_id,
     25Γûò             'user_id' => $this->user_id,
     26Γûò             'created_by' => $this->created_by,
     27Γûò             'company_id' => $this->company_id,

  1   app\Http\Resources\CashBox\CashBoxResource.php:23
      Illuminate\Foundation\Bootstrap\HandleExceptions::Illuminate\Foundation\Bootstrap\{closure}("Attempt to read property "name" on null", "D:\Dev\projects\hwmix-bill-api\app\Http\Resources\CashBox\CashBoxResource.php")

  2   vendor\laravel\framework\src\Illuminate\Http\Resources\Json\JsonResource.php:108
      App\Http\Resources\CashBox\CashBoxResource::toArray(Object(Illuminate\Http\Request))

  3   vendor\laravel\framework\src\Illuminate\Http\Resources\Json\ResourceResponse.php:39
      Illuminate\Http\Resources\Json\JsonResource::resolve(Object(Illuminate\Http\Request))

  4   vendor\laravel\framework\src\Illuminate\Http\Resources\Json\JsonResource.php:245
      Illuminate\Http\Resources\Json\ResourceResponse::toResponse(Object(Illuminate\Http\Request))

  5   vendor\knuckleswtf\scribe\src\Extracting\Shared\ApiResourceResponseTools.php:48
      Illuminate\Http\Resources\Json\JsonResource::toResponse(Object(Illuminate\Http\Request))

  6   vendor\knuckleswtf\scribe\src\Extracting\Shared\ApiResourceResponseTools.php:32
      Knuckles\Scribe\Extracting\Shared\ApiResourceResponseTools::callApiResourceAndGetResponse(Object(App\Http\Resources\CashBox\CashBoxResource), Object(Knuckles\Camel\Extraction\ExtractedEndpointData))

  7   vendor\knuckleswtf\scribe\src\Extracting\Strategies\Responses\UseApiResourceTags.php:58
      Knuckles\Scribe\Extracting\Shared\ApiResourceResponseTools::fetch("App\Http\Resources\CashBox\CashBoxResource", Object(Closure), Object(Knuckles\Camel\Extraction\ExtractedEndpointData), [], [])

  8   vendor\knuckleswtf\scribe\src\Extracting\Strategies\Responses\UseApiResourceTags.php:36
      Knuckles\Scribe\Extracting\Strategies\Responses\UseApiResourceTags::getApiResourceResponseFromTags(Object(Mpociot\Reflection\DocBlock\Tag), Object(Knuckles\Camel\Extraction\ExtractedEndpointData))

  9   vendor\knuckleswtf\scribe\src\Extracting\Extractor.php:240
      Knuckles\Scribe\Extracting\Strategies\Responses\UseApiResourceTags::__invoke(Object(Knuckles\Camel\Extraction\ExtractedEndpointData), [])

  10  vendor\knuckleswtf\scribe\src\Extracting\Extractor.php:165
      Knuckles\Scribe\Extracting\Extractor::iterateThroughStrategies("responses", Object(Knuckles\Camel\Extraction\ExtractedEndpointData), [], Object(Closure))

  11  vendor\knuckleswtf\scribe\src\Extracting\Extractor.php:97
      Knuckles\Scribe\Extracting\Extractor::fetchResponses(Object(Knuckles\Camel\Extraction\ExtractedEndpointData), [])

  12  vendor\knuckleswtf\scribe\src\GroupedEndpoints\GroupedEndpointsFromApp.php:125
      Knuckles\Scribe\Extracting\Extractor::processRoute(Object(Illuminate\Routing\Route), [])

  13  vendor\knuckleswtf\scribe\src\GroupedEndpoints\GroupedEndpointsFromApp.php:72
      Knuckles\Scribe\GroupedEndpoints\GroupedEndpointsFromApp::extractEndpointsInfoFromLaravelApp()

  14  vendor\knuckleswtf\scribe\src\GroupedEndpoints\GroupedEndpointsFromApp.php:50
      Knuckles\Scribe\GroupedEndpoints\GroupedEndpointsFromApp::extractEndpointsInfoAndWriteToDisk(Object(Knuckles\Scribe\Matching\RouteMatcher))

  15  vendor\knuckleswtf\scribe\src\Commands\GenerateDocumentation.php:55
      Knuckles\Scribe\GroupedEndpoints\GroupedEndpointsFromApp::get()

  16  vendor\laravel\framework\src\Illuminate\Container\BoundMethod.php:36
      Knuckles\Scribe\Commands\GenerateDocumentation::handle(Object(Knuckles\Scribe\Matching\RouteMatcher), Object(Knuckles\Scribe\GroupedEndpoints\GroupedEndpointsFactory))

  17  vendor\laravel\framework\src\Illuminate\Container\Util.php:43
      Illuminate\Container\BoundMethod::Illuminate\Container\{closure}()

  18  vendor\laravel\framework\src\Illuminate\Container\BoundMethod.php:95
      Illuminate\Container\Util::unwrapIfClosure(Object(Closure))

  19  vendor\laravel\framework\src\Illuminate\Container\BoundMethod.php:35
      Illuminate\Container\BoundMethod::callBoundMethod(Object(Illuminate\Foundation\Application), Object(Closure))

  20  vendor\laravel\framework\src\Illuminate\Container\Container.php:690
      Illuminate\Container\BoundMethod::call(Object(Illuminate\Foundation\Application), [])

  21  vendor\laravel\framework\src\Illuminate\Console\Command.php:213
      Illuminate\Container\Container::call()

  22  vendor\symfony\console\Command\Command.php:279
      Illuminate\Console\Command::execute(Object(Symfony\Component\Console\Input\ArgvInput), Object(Illuminate\Console\OutputStyle))

  23  vendor\laravel\framework\src\Illuminate\Console\Command.php:182
      Symfony\Component\Console\Command\Command::run(Object(Symfony\Component\Console\Input\ArgvInput), Object(Illuminate\Console\OutputStyle))

  24  vendor\symfony\console\Application.php:1047
      Illuminate\Console\Command::run(Object(Symfony\Component\Console\Input\ArgvInput), Object(Symfony\Component\Console\Output\ConsoleOutput))

  25  vendor\symfony\console\Application.php:316
      Symfony\Component\Console\Application::doRunCommand(Object(Knuckles\Scribe\Commands\GenerateDocumentation), Object(Symfony\Component\Console\Input\ArgvInput), Object(Symfony\Component\Console\Output\ConsoleOutput))

  26  vendor\symfony\console\Application.php:167
      Symfony\Component\Console\Application::doRun(Object(Symfony\Component\Console\Input\ArgvInput), Object(Symfony\Component\Console\Output\ConsoleOutput))

  27  vendor\laravel\framework\src\Illuminate\Foundation\Console\Kernel.php:197
      Symfony\Component\Console\Application::run(Object(Symfony\Component\Console\Input\ArgvInput), Object(Symfony\Component\Console\Output\ConsoleOutput))

  28  vendor\laravel\framework\src\Illuminate\Foundation\Application.php:1203
      Illuminate\Foundation\Console\Kernel::handle(Object(Symfony\Component\Console\Input\ArgvInput), Object(Symfony\Component\Console\Output\ConsoleOutput))

  29  artisan:13
      Illuminate\Foundation\Application::handleCommand(Object(Symfony\Component\Console\Input\ArgvInput))

Γôÿ Processing route: [PUT] api/cashBox/{cashBox}
ΓÜá No bodyParameters() method found in App\Http\Requests\CashBox\UpdateCashBoxRequest. Scribe will only be able to extract basic information from the rules() method.
Γ£ö Processed route: [PUT] api/cashBox/{cashBox}
Γôÿ Processing route: [DELETE] api/cashBox/{cashBox}
Γ£ö Processed route: [DELETE] api/cashBox/{cashBox}
Γôÿ Processing route: [POST] api/cashBox/transfer
Γ£ö Processed route: [POST] api/cashBox/transfer
Γôÿ Processing route: [GET] api/logs
Γ£ö Processed route: [GET] api/logs
Γôÿ Processing route: [POST] api/logs/{log}/undo
Γ£ö Processed route: [POST] api/logs/{log}/undo
Γôÿ Processing route: [GET] api/products
Γ£ö Processed route: [GET] api/products
Γôÿ Processing route: [POST] api/product
ΓÜá No bodyParameters() method found in App\Http\Requests\Product\StoreProductRequest. Scribe will only be able to extract basic information from the rules() method.
Γ£ö Processed route: [POST] api/product
Γôÿ Processing route: [GET] api/product/{product}
Γ£ö Processed route: [GET] api/product/{product}
Γôÿ Processing route: [PUT] api/product/{product}
ΓÜá No bodyParameters() method found in App\Http\Requests\Product\UpdateProductRequest. Scribe will only be able to extract basic information from the rules() method.
Γ£ö Processed route: [PUT] api/product/{product}
Γôÿ Processing route: [DELETE] api/product/delete/{product}
Γ£ö Processed route: [DELETE] api/product/delete/{product}
Γôÿ Processing route: [GET] api/attributes
Γ£ö Processed route: [GET] api/attributes
Γôÿ Processing route: [POST] api/attribute
ΓÜá No bodyParameters() method found in App\Http\Requests\Attribute\StoreAttributeRequest. Scribe will only be able to extract basic information from the rules() method.
Γ£ö Processed route: [POST] api/attribute
Γôÿ Processing route: [GET] api/attribute/{attribute}
Γ£ö Processed route: [GET] api/attribute/{attribute}
Γôÿ Processing route: [PUT] api/attribute/{attribute}
ΓÜá No bodyParameters() method found in App\Http\Requests\Attribute\UpdateAttributeRequest. Scribe will only be able to extract basic information from the rules() method.
Γ£ö Processed route: [PUT] api/attribute/{attribute}
Γôÿ Processing route: [DELETE] api/attribute/{attribute}
Γ£ö Processed route: [DELETE] api/attribute/{attribute}
ΓÜá Skipping route: [POST] api/attribute/deletes - Controller method does not exist.
Γôÿ Processing route: [GET] api/attribute-values
Γ£ö Processed route: [GET] api/attribute-values
Γôÿ Processing route: [POST] api/attribute-value
ΓÜá No bodyParameters() method found in App\Http\Requests\AttributeValue\StoreAttributeValueRequest. Scribe will only be able to extract basic information from the rules() method.
Γ£ö Processed route: [POST] api/attribute-value
Γôÿ Processing route: [GET] api/attribute-value/{attributeValue}
Γ£ö Processed route: [GET] api/attribute-value/{attributeValue}
Γôÿ Processing route: [PUT] api/attribute-value/{attributeValue}
ΓÜá No bodyParameters() method found in App\Http\Requests\AttributeValue\UpdateAttributeValueRequest. Scribe will only be able to extract basic information from the rules() method.
Γ£ö Processed route: [PUT] api/attribute-value/{attributeValue}
Γôÿ Processing route: [DELETE] api/attribute-value/{attributeValue}
Γ£ö Processed route: [DELETE] api/attribute-value/{attributeValue}
ΓÜá Skipping route: [POST] api/attribute-value/deletes - Controller method does not exist.
Γôÿ Processing route: [GET] api/product-variants
Γ£ö Processed route: [GET] api/product-variants
Γôÿ Processing route: [POST] api/product-variant
ΓÜá No bodyParameters() method found in App\Http\Requests\ProductVariant\StoreProductVariantRequest. Scribe will only be able to extract basic information from the rules() method.
Γ£ö Processed route: [POST] api/product-variant
Γôÿ Processing route: [GET] api/product-variant/{productVariant}
Γ£ö Processed route: [GET] api/product-variant/{productVariant}
Γôÿ Processing route: [PUT] api/product-variant/{productVariant}
ΓÜá No bodyParameters() method found in App\Http\Requests\ProductVariant\UpdateProductVariantRequest. Scribe will only be able to extract basic information from the rules() method.
Γ£ö Processed route: [PUT] api/product-variant/{productVariant}
Γôÿ Processing route: [DELETE] api/product-variant/{productVariant}
Γ£ö Processed route: [DELETE] api/product-variant/{productVariant}
Γôÿ Processing route: [POST] api/product-variant/delete
Γ£ö Processed route: [POST] api/product-variant/delete
Γôÿ Processing route: [GET] api/product-variants/search-by-product
Γ£ö Processed route: [GET] api/product-variants/search-by-product
Γôÿ Processing route: [GET] api/warehouses
Γ£ö Processed route: [GET] api/warehouses
Γôÿ Processing route: [POST] api/warehouse
ΓÜá No bodyParameters() method found in App\Http\Requests\Warehouse\StoreWarehouseRequest. Scribe will only be able to extract basic information from the rules() method.
Γ£ö Processed route: [POST] api/warehouse
Γôÿ Processing route: [GET] api/warehouse/{warehouse}
Γ£ö Processed route: [GET] api/warehouse/{warehouse}
Γôÿ Processing route: [PUT] api/warehouse/{warehouse}
ΓÜá No bodyParameters() method found in App\Http\Requests\Warehouse\UpdateWarehouseRequest. Scribe will only be able to extract basic information from the rules() method.
Γ£ö Processed route: [PUT] api/warehouse/{warehouse}
Γôÿ Processing route: [POST] api/warehouse/delete
Γ£ö Processed route: [POST] api/warehouse/delete
Γôÿ Processing route: [GET] api/stocks
Γ£ö Processed route: [GET] api/stocks
Γôÿ Processing route: [POST] api/stock
ΓÜá No bodyParameters() method found in App\Http\Requests\Stock\StoreStockRequest. Scribe will only be able to extract basic information from the rules() method.
Γ£ö Processed route: [POST] api/stock
Γôÿ Processing route: [GET] api/stock/{stock}
Γ£ö Processed route: [GET] api/stock/{stock}
Γôÿ Processing route: [PUT] api/stock/{stock}
ΓÜá No bodyParameters() method found in App\Http\Requests\Stock\UpdateStockRequest. Scribe will only be able to extract basic information from the rules() method.
Γ£ö Processed route: [PUT] api/stock/{stock}
Γôÿ Processing route: [POST] api/stock/delete
Γ£ö Processed route: [POST] api/stock/delete
Γôÿ Processing route: [GET] api/categories
Γ£ö Processed route: [GET] api/categories
Γôÿ Processing route: [POST] api/category
ΓÜá No bodyParameters() method found in App\Http\Requests\Category\StoreCategoryRequest. Scribe will only be able to extract basic information from the rules() method.
Γ£ö Processed route: [POST] api/category
Γôÿ Processing route: [GET] api/category/{category}
Γ£ö Processed route: [GET] api/category/{category}
Γôÿ Processing route: [PUT] api/category/{category}
ΓÜá No bodyParameters() method found in App\Http\Requests\Category\UpdateCategoryRequest. Scribe will only be able to extract basic information from the rules() method.
Γ£ö Processed route: [PUT] api/category/{category}
Γôÿ Processing route: [POST] api/category/delete
Γ£ö Processed route: [POST] api/category/delete
Γôÿ Processing route: [GET] api/brands
Γ£ö Processed route: [GET] api/brands
Γôÿ Processing route: [POST] api/brand
ΓÜá No bodyParameters() method found in App\Http\Requests\Brand\StoreBrandRequest. Scribe will only be able to extract basic information from the rules() method.
Γ£ö Processed route: [POST] api/brand
Γôÿ Processing route: [GET] api/brand/{brand}
Γ£ö Processed route: [GET] api/brand/{brand}
Γôÿ Processing route: [PUT] api/brand/{brand}
ΓÜá No bodyParameters() method found in App\Http\Requests\Brand\UpdateBrandRequest. Scribe will only be able to extract basic information from the rules() method.
Γ£ö Processed route: [PUT] api/brand/{brand}
Γôÿ Processing route: [DELETE] api/brand/delete/{brand}
Γ£ö Processed route: [DELETE] api/brand/delete/{brand}
Γôÿ Processing route: [GET] api/invoice-types
Γ£ö Processed route: [GET] api/invoice-types
Γôÿ Processing route: [POST] api/invoice-type
ΓÜá No bodyParameters() method found in App\Http\Requests\InvoiceType\StoreInvoiceTypeRequest. Scribe will only be able to extract basic information from the rules() method.
Γ£ö Processed route: [POST] api/invoice-type
Γôÿ Processing route: [GET] api/invoice-type/{invoiceType}
Γ£ö Processed route: [GET] api/invoice-type/{invoiceType}
Γôÿ Processing route: [PUT] api/invoice-type/{invoiceType}
ΓÜá No bodyParameters() method found in App\Http\Requests\InvoiceType\UpdateInvoiceTypeRequest. Scribe will only be able to extract basic information from the rules() method.
Γ£ö Processed route: [PUT] api/invoice-type/{invoiceType}
Γôÿ Processing route: [DELETE] api/invoice-type/{invoiceType}
Γ£ö Processed route: [DELETE] api/invoice-type/{invoiceType}
Γôÿ Processing route: [GET] api/invoice-items
Γ£ö Processed route: [GET] api/invoice-items
Γôÿ Processing route: [POST] api/invoice-item
ΓÜá No bodyParameters() method found in App\Http\Requests\InvoiceItem\StoreInvoiceItemRequest. Scribe will only be able to extract basic information from the rules() method.
Γ£ö Processed route: [POST] api/invoice-item
Γôÿ Processing route: [GET] api/invoice-item/{invoiceItem}
Γ£ö Processed route: [GET] api/invoice-item/{invoiceItem}
Γôÿ Processing route: [PUT] api/invoice-item/{invoiceItem}
ΓÜá No bodyParameters() method found in App\Http\Requests\InvoiceItem\UpdateInvoiceItemRequest. Scribe will only be able to extract basic information from the rules() method.
Γ£ö Processed route: [PUT] api/invoice-item/{invoiceItem}
Γôÿ Processing route: [DELETE] api/invoice-item/{invoiceItem}
Γ£ö Processed route: [DELETE] api/invoice-item/{invoiceItem}
Γôÿ Processing route: [GET] api/installment-plans
Γ£ö Processed route: [GET] api/installment-plans
Γôÿ Processing route: [POST] api/installment-plan
ΓÜá No bodyParameters() method found in App\Http\Requests\InstallmentPlan\StoreInstallmentPlanRequest. Scribe will only be able to extract basic information from the rules() method.
Γ£ö Processed route: [POST] api/installment-plan
Γôÿ Processing route: [GET] api/installment-plan/{installmentPlan}

   Error 

  Call to undefined method Illuminate\Http\Resources\MissingValue::reduce()

  at app\Http\Resources\InstallmentPlan\InstallmentPlanResource.php:26
     22Γûò     {
     23Γûò         $installments = $this->whenLoaded('installments') ?? collect();
     24Γûò 
     25Γûò         // ╪¡╪│╪º╪¿╪º╪¬ ┘à╪º┘ä┘è╪⌐ ╪»┘é┘è┘é╪⌐ ╪¿╪º╪│╪¬╪«╪»╪º┘à BCMath
  Γ₧£  26Γûò         $totalInstallmentsRemaining = $installments->reduce(fn($c, $inst) => bcadd($c, $inst->remaining, 2), '0.00');
     27Γûò         $totalInstallmentsAmount = $installments->reduce(fn($c, $inst) => bcadd($c, $inst->amount, 2), '0.00');
     28Γûò         $totalInstallmentsPay = bcsub($totalInstallmentsAmount, $totalInstallmentsRemaining, 2);
     29Γûò         // 'total_pay' ┘è┘à┘â┘å ╪ú┘å ┘è┘â┘ê┘å ╪º┘ä┘à╪¿┘ä╪║ ╪º┘ä╪Ñ╪¼┘à╪º┘ä┘è ╪º┘ä┘à╪»┘ü┘ê╪╣ ┘à┘å ╪ú╪╡┘ä ╪º┘ä┘ü╪º╪¬┘ê╪▒╪⌐ (total_amount)
     30Γûò         // ┘ê┘ä┘è╪│ ┘ü┘é╪╖ ┘à┘å ╪º┘ä╪ú┘é╪│╪º╪╖. ╪Ñ╪░╪º ┘â╪º┘å remaining_amount ┘è┘à╪½┘ä ╪º┘ä┘à╪¿┘ä╪║ ╪º┘ä┘à╪¬╪¿┘é┘è ┘à┘å ╪Ñ╪¼┘à╪º┘ä┘è ╪º┘ä┘ü╪º╪¬┘ê╪▒╪⌐ ╪¿╪╣╪» ╪º┘ä╪»┘ü╪╣╪⌐ ╪º┘ä╪ú┘ê┘ä┘ë

  1   vendor\laravel\framework\src\Illuminate\Http\Resources\Json\JsonResource.php:108
      App\Http\Resources\InstallmentPlan\InstallmentPlanResource::toArray(Object(Illuminate\Http\Request))

  2   vendor\laravel\framework\src\Illuminate\Http\Resources\Json\ResourceResponse.php:39
      Illuminate\Http\Resources\Json\JsonResource::resolve(Object(Illuminate\Http\Request))

  3   vendor\laravel\framework\src\Illuminate\Http\Resources\Json\JsonResource.php:245
      Illuminate\Http\Resources\Json\ResourceResponse::toResponse(Object(Illuminate\Http\Request))

  4   vendor\knuckleswtf\scribe\src\Extracting\Shared\ApiResourceResponseTools.php:48
      Illuminate\Http\Resources\Json\JsonResource::toResponse(Object(Illuminate\Http\Request))

  5   vendor\knuckleswtf\scribe\src\Extracting\Shared\ApiResourceResponseTools.php:32
      Knuckles\Scribe\Extracting\Shared\ApiResourceResponseTools::callApiResourceAndGetResponse(Object(App\Http\Resources\InstallmentPlan\InstallmentPlanResource), Object(Knuckles\Camel\Extraction\ExtractedEndpointData))

  6   vendor\knuckleswtf\scribe\src\Extracting\Strategies\Responses\UseApiResourceTags.php:58
      Knuckles\Scribe\Extracting\Shared\ApiResourceResponseTools::fetch("App\Http\Resources\InstallmentPlan\InstallmentPlanResource", Object(Closure), Object(Knuckles\Camel\Extraction\ExtractedEndpointData), [], [])

  7   vendor\knuckleswtf\scribe\src\Extracting\Strategies\Responses\UseApiResourceTags.php:36
      Knuckles\Scribe\Extracting\Strategies\Responses\UseApiResourceTags::getApiResourceResponseFromTags(Object(Mpociot\Reflection\DocBlock\Tag), Object(Knuckles\Camel\Extraction\ExtractedEndpointData))

  8   vendor\knuckleswtf\scribe\src\Extracting\Extractor.php:240
      Knuckles\Scribe\Extracting\Strategies\Responses\UseApiResourceTags::__invoke(Object(Knuckles\Camel\Extraction\ExtractedEndpointData), [])

  9   vendor\knuckleswtf\scribe\src\Extracting\Extractor.php:165
      Knuckles\Scribe\Extracting\Extractor::iterateThroughStrategies("responses", Object(Knuckles\Camel\Extraction\ExtractedEndpointData), [], Object(Closure))

  10  vendor\knuckleswtf\scribe\src\Extracting\Extractor.php:97
      Knuckles\Scribe\Extracting\Extractor::fetchResponses(Object(Knuckles\Camel\Extraction\ExtractedEndpointData), [])

  11  vendor\knuckleswtf\scribe\src\GroupedEndpoints\GroupedEndpointsFromApp.php:125
      Knuckles\Scribe\Extracting\Extractor::processRoute(Object(Illuminate\Routing\Route), [])

  12  vendor\knuckleswtf\scribe\src\GroupedEndpoints\GroupedEndpointsFromApp.php:72
      Knuckles\Scribe\GroupedEndpoints\GroupedEndpointsFromApp::extractEndpointsInfoFromLaravelApp()

  13  vendor\knuckleswtf\scribe\src\GroupedEndpoints\GroupedEndpointsFromApp.php:50
      Knuckles\Scribe\GroupedEndpoints\GroupedEndpointsFromApp::extractEndpointsInfoAndWriteToDisk(Object(Knuckles\Scribe\Matching\RouteMatcher))

  14  vendor\knuckleswtf\scribe\src\Commands\GenerateDocumentation.php:55
      Knuckles\Scribe\GroupedEndpoints\GroupedEndpointsFromApp::get()

  15  vendor\laravel\framework\src\Illuminate\Container\BoundMethod.php:36
      Knuckles\Scribe\Commands\GenerateDocumentation::handle(Object(Knuckles\Scribe\Matching\RouteMatcher), Object(Knuckles\Scribe\GroupedEndpoints\GroupedEndpointsFactory))

  16  vendor\laravel\framework\src\Illuminate\Container\Util.php:43
      Illuminate\Container\BoundMethod::Illuminate\Container\{closure}()

  17  vendor\laravel\framework\src\Illuminate\Container\BoundMethod.php:95
      Illuminate\Container\Util::unwrapIfClosure(Object(Closure))

  18  vendor\laravel\framework\src\Illuminate\Container\BoundMethod.php:35
      Illuminate\Container\BoundMethod::callBoundMethod(Object(Illuminate\Foundation\Application), Object(Closure))

  19  vendor\laravel\framework\src\Illuminate\Container\Container.php:690
      Illuminate\Container\BoundMethod::call(Object(Illuminate\Foundation\Application), [])

  20  vendor\laravel\framework\src\Illuminate\Console\Command.php:213
      Illuminate\Container\Container::call()

  21  vendor\symfony\console\Command\Command.php:279
      Illuminate\Console\Command::execute(Object(Symfony\Component\Console\Input\ArgvInput), Object(Illuminate\Console\OutputStyle))

  22  vendor\laravel\framework\src\Illuminate\Console\Command.php:182
      Symfony\Component\Console\Command\Command::run(Object(Symfony\Component\Console\Input\ArgvInput), Object(Illuminate\Console\OutputStyle))

  23  vendor\symfony\console\Application.php:1047
      Illuminate\Console\Command::run(Object(Symfony\Component\Console\Input\ArgvInput), Object(Symfony\Component\Console\Output\ConsoleOutput))

  24  vendor\symfony\console\Application.php:316
      Symfony\Component\Console\Application::doRunCommand(Object(Knuckles\Scribe\Commands\GenerateDocumentation), Object(Symfony\Component\Console\Input\ArgvInput), Object(Symfony\Component\Console\Output\ConsoleOutput))

  25  vendor\symfony\console\Application.php:167
      Symfony\Component\Console\Application::doRun(Object(Symfony\Component\Console\Input\ArgvInput), Object(Symfony\Component\Console\Output\ConsoleOutput))

  26  vendor\laravel\framework\src\Illuminate\Foundation\Console\Kernel.php:197
      Symfony\Component\Console\Application::run(Object(Symfony\Component\Console\Input\ArgvInput), Object(Symfony\Component\Console\Output\ConsoleOutput))

  27  vendor\laravel\framework\src\Illuminate\Foundation\Application.php:1203
      Illuminate\Foundation\Console\Kernel::handle(Object(Symfony\Component\Console\Input\ArgvInput), Object(Symfony\Component\Console\Output\ConsoleOutput))

  28  artisan:13
      Illuminate\Foundation\Application::handleCommand(Object(Symfony\Component\Console\Input\ArgvInput))

